build/intermediates/manifest_merge_blame_file/debug/manifest-merger-blame-debug-report.txt
1<?xml version="1.0" encoding="utf-8"?>
2<manifest xmlns:android="http://schemas.android.com/apk/res/android"
3    package="org.cocos2dx.lib"
4    android:versionCode="1"
5    android:versionName="1.0" >
6
7    <uses-sdk
8        android:minSdkVersion="16"
8-->android/libcocos2dx/AndroidManifest.xml
9        android:targetSdkVersion="28" />
9-->android/libcocos2dx/AndroidManifest.xml
10
11    <uses-permission android:name="android.permission.ACCESS_NETWORK_STATE" />
11-->android/libcocos2dx/AndroidManifest.xml:3:5-78
11-->android/libcocos2dx/AndroidManifest.xml:3:22-76
12
13</manifest>